   1               		.file	"Events.c"
   2               	__SP_H__ = 0x3e
   3               	__SP_L__ = 0x3d
   4               	__SREG__ = 0x3f
   5               	__tmp_reg__ = 0
   6               	__zero_reg__ = 1
   7               		.text
   8               	.Ltext0:
   9               		.section	.text.USB_Event_Stub,"ax",@progbits
  10               	.global	USB_Event_Stub
  12               	USB_Event_Stub:
  13               	.LFB16:
  14               		.file 1 "../LUFA/Drivers/USB/Core/Events.c"
   1:../LUFA/Drivers/USB/Core/Events.c **** /*
   2:../LUFA/Drivers/USB/Core/Events.c ****              LUFA Library
   3:../LUFA/Drivers/USB/Core/Events.c ****      Copyright (C) Dean Camera, 2012.
   4:../LUFA/Drivers/USB/Core/Events.c **** 
   5:../LUFA/Drivers/USB/Core/Events.c ****   dean [at] fourwalledcubicle [dot] com
   6:../LUFA/Drivers/USB/Core/Events.c ****            www.lufa-lib.org
   7:../LUFA/Drivers/USB/Core/Events.c **** */
   8:../LUFA/Drivers/USB/Core/Events.c **** 
   9:../LUFA/Drivers/USB/Core/Events.c **** /*
  10:../LUFA/Drivers/USB/Core/Events.c ****   Copyright 2012  Dean Camera (dean [at] fourwalledcubicle [dot] com)
  11:../LUFA/Drivers/USB/Core/Events.c **** 
  12:../LUFA/Drivers/USB/Core/Events.c ****   Permission to use, copy, modify, distribute, and sell this
  13:../LUFA/Drivers/USB/Core/Events.c ****   software and its documentation for any purpose is hereby granted
  14:../LUFA/Drivers/USB/Core/Events.c ****   without fee, provided that the above copyright notice appear in
  15:../LUFA/Drivers/USB/Core/Events.c ****   all copies and that both that the copyright notice and this
  16:../LUFA/Drivers/USB/Core/Events.c ****   permission notice and warranty disclaimer appear in supporting
  17:../LUFA/Drivers/USB/Core/Events.c ****   documentation, and that the name of the author not be used in
  18:../LUFA/Drivers/USB/Core/Events.c ****   advertising or publicity pertaining to distribution of the
  19:../LUFA/Drivers/USB/Core/Events.c ****   software without specific, written prior permission.
  20:../LUFA/Drivers/USB/Core/Events.c **** 
  21:../LUFA/Drivers/USB/Core/Events.c ****   The author disclaim all warranties with regard to this
  22:../LUFA/Drivers/USB/Core/Events.c ****   software, including all implied warranties of merchantability
  23:../LUFA/Drivers/USB/Core/Events.c ****   and fitness.  In no event shall the author be liable for any
  24:../LUFA/Drivers/USB/Core/Events.c ****   special, indirect or consequential damages or any damages
  25:../LUFA/Drivers/USB/Core/Events.c ****   whatsoever resulting from loss of use, data or profits, whether
  26:../LUFA/Drivers/USB/Core/Events.c ****   in an action of contract, negligence or other tortious action,
  27:../LUFA/Drivers/USB/Core/Events.c ****   arising out of or in connection with the use or performance of
  28:../LUFA/Drivers/USB/Core/Events.c ****   this software.
  29:../LUFA/Drivers/USB/Core/Events.c **** */
  30:../LUFA/Drivers/USB/Core/Events.c **** 
  31:../LUFA/Drivers/USB/Core/Events.c **** #define  __INCLUDE_FROM_EVENTS_C
  32:../LUFA/Drivers/USB/Core/Events.c **** #define  __INCLUDE_FROM_USB_DRIVER
  33:../LUFA/Drivers/USB/Core/Events.c **** #include "Events.h"
  34:../LUFA/Drivers/USB/Core/Events.c **** 
  35:../LUFA/Drivers/USB/Core/Events.c **** void USB_Event_Stub(void)
  36:../LUFA/Drivers/USB/Core/Events.c **** {
  15               		.loc 1 36 0
  16               	/* prologue: function */
  17               	/* frame size = 0 */
  18               	/* stack size = 0 */
  19               	.L__stack_usage = 0
  20 0000 0895      		ret
  21               	.LFE16:
  23               		.weak	EVENT_USB_Device_Disconnect
  24               		.set	EVENT_USB_Device_Disconnect,USB_Event_Stub
  25               		.weak	EVENT_USB_Device_ControlRequest
  26               		.set	EVENT_USB_Device_ControlRequest,USB_Event_Stub
  27               		.weak	EVENT_USB_Device_ConfigurationChanged
  28               		.set	EVENT_USB_Device_ConfigurationChanged,USB_Event_Stub
  29               		.weak	EVENT_USB_Device_Suspend
  30               		.set	EVENT_USB_Device_Suspend,USB_Event_Stub
  31               		.weak	EVENT_USB_Device_WakeUp
  32               		.set	EVENT_USB_Device_WakeUp,USB_Event_Stub
  33               		.weak	EVENT_USB_Device_Reset
  34               		.set	EVENT_USB_Device_Reset,USB_Event_Stub
  35               		.weak	EVENT_USB_Device_StartOfFrame
  36               		.set	EVENT_USB_Device_StartOfFrame,USB_Event_Stub
  37               		.weak	EVENT_USB_Device_Connect
  38               		.set	EVENT_USB_Device_Connect,USB_Event_Stub
  65               	.Letext0:
DEFINED SYMBOLS
                            *ABS*:0000000000000000 Events.c
     /tmp/cctGvzoq.s:2      *ABS*:000000000000003e __SP_H__
     /tmp/cctGvzoq.s:3      *ABS*:000000000000003d __SP_L__
     /tmp/cctGvzoq.s:4      *ABS*:000000000000003f __SREG__
     /tmp/cctGvzoq.s:5      *ABS*:0000000000000000 __tmp_reg__
     /tmp/cctGvzoq.s:6      *ABS*:0000000000000001 __zero_reg__
     /tmp/cctGvzoq.s:12     .text.USB_Event_Stub:0000000000000000 USB_Event_Stub
     /tmp/cctGvzoq.s:12     .text.USB_Event_Stub:0000000000000000 EVENT_USB_Device_Disconnect
     /tmp/cctGvzoq.s:12     .text.USB_Event_Stub:0000000000000000 EVENT_USB_Device_ControlRequest
     /tmp/cctGvzoq.s:12     .text.USB_Event_Stub:0000000000000000 EVENT_USB_Device_ConfigurationChanged
     /tmp/cctGvzoq.s:12     .text.USB_Event_Stub:0000000000000000 EVENT_USB_Device_Suspend
     /tmp/cctGvzoq.s:12     .text.USB_Event_Stub:0000000000000000 EVENT_USB_Device_WakeUp
     /tmp/cctGvzoq.s:12     .text.USB_Event_Stub:0000000000000000 EVENT_USB_Device_Reset
     /tmp/cctGvzoq.s:12     .text.USB_Event_Stub:0000000000000000 EVENT_USB_Device_StartOfFrame
     /tmp/cctGvzoq.s:12     .text.USB_Event_Stub:0000000000000000 EVENT_USB_Device_Connect

NO UNDEFINED SYMBOLS
